<?xml version="1.0" encoding="UTF-8"?>
<testsuite name="org.jbpm.document.service.DocumentStorageServiceImplTest" time="0.134" tests="10" errors="0" skipped="0" failures="0">
  <properties>
[...]
</properties>
  <testcase name="testListDocumentsLessThanPageSize[0: impl=org.jbpm.document.service.impl.DocumentStorageServiceImpl@2b98378d]" classname="org.jbpm.document.service.DocumentStorageServiceImplTest" time="0.084"/>
  <testcase name="testSaveAndGetDocument[0: impl=org.jbpm.document.service.impl.DocumentStorageServiceImpl@2b98378d]" classname="org.jbpm.document.service.DocumentStorageServiceImplTest" time="0.001"/>
  <testcase name="testSaveAndDeleteDocument[0: impl=org.jbpm.document.service.impl.DocumentStorageServiceImpl@2b98378d]" classname="org.jbpm.document.service.DocumentStorageServiceImplTest" time="0.003"/>
  <testcase name="testSaveAndDeleteByIdDocument[0: impl=org.jbpm.document.service.impl.DocumentStorageServiceImpl@2b98378d]" classname="org.jbpm.document.service.DocumentStorageServiceImplTest" time="0.003"/>
  <testcase name="testSaveAndListDocuments[0: impl=org.jbpm.document.service.impl.DocumentStorageServiceImpl@2b98378d]" classname="org.jbpm.document.service.DocumentStorageServiceImplTest" time="0.015"/>
  <testcase name="testListDocumentsLessThanPageSize[1: impl=org.jbpm.document.service.impl.CustomDocumentStorageServiceImpl@20e2cbe0]" classname="org.jbpm.document.service.DocumentStorageServiceImplTest" time="0.006"/>
  <testcase name="testSaveAndGetDocument[1: impl=org.jbpm.document.service.impl.CustomDocumentStorageServiceImpl@20e2cbe0]" classname="org.jbpm.document.service.DocumentStorageServiceImplTest" time="0.002"/>
  <testcase name="testSaveAndDeleteDocument[1: impl=org.jbpm.document.service.impl.CustomDocumentStorageServiceImpl@20e2cbe0]" classname="org.jbpm.document.service.DocumentStorageServiceImplTest" time="0.003"/>
  <testcase name="testSaveAndDeleteByIdDocument[1: impl=org.jbpm.document.service.impl.CustomDocumentStorageServiceImpl@20e2cbe0]" classname="org.jbpm.document.service.DocumentStorageServiceImplTest" time="0.003"/>
  <testcase name="testSaveAndListDocuments[1: impl=org.jbpm.document.service.impl.CustomDocumentStorageServiceImpl@20e2cbe0]" classname="org.jbpm.document.service.DocumentStorageServiceImplTest" time="0.014"/>
</testsuite>